INFO  @ Thu, 22 Jun 2023 10:33:30: Parameters: /Users/rwang/miniconda3/bin/mageck test -k LDLuptake_CRISPRa_compiled_counts.txt -t 0,3 -c 4,5 -n LDLuptake_CRISPRa_output/LDL_CRISPRa 
INFO  @ Thu, 22 Jun 2023 10:33:30: Welcome to MAGeCK v0.5.9.4. Command: test 
INFO  @ Thu, 22 Jun 2023 10:33:30: Loading count table from LDLuptake_CRISPRa_compiled_counts.txt  
INFO  @ Thu, 22 Jun 2023 10:33:30: Processing 1 lines.. 
DEBUG @ Thu, 22 Jun 2023 10:33:30: Parsing error in line 1 (usually the header line). Skip this line. 
INFO  @ Thu, 22 Jun 2023 10:33:30: Loaded 1130 records. 
INFO  @ Thu, 22 Jun 2023 10:33:30: Loading Rnw template file: /Users/rwang/miniconda3/lib/python3.10/site-packages/mageck/test_report.Rmd. 
DEBUG @ Thu, 22 Jun 2023 10:33:30: Setting up the visualization module... 
INFO  @ Thu, 22 Jun 2023 10:33:30: Loading R template file: /Users/rwang/miniconda3/lib/python3.10/site-packages/mageck/plot_template.RTemplate. 
INFO  @ Thu, 22 Jun 2023 10:33:30: Loading R template file: /Users/rwang/miniconda3/lib/python3.10/site-packages/mageck/plot_template_indvgene.RTemplate. 
INFO  @ Thu, 22 Jun 2023 10:33:30: Loading Rnw template file: /Users/rwang/miniconda3/lib/python3.10/site-packages/mageck/plot_template.Rnw. 
DEBUG @ Thu, 22 Jun 2023 10:33:30: Setting up the visualization module... 
DEBUG @ Thu, 22 Jun 2023 10:33:30: Given sample labels: 0,3 
DEBUG @ Thu, 22 Jun 2023 10:33:30: Converted index: 0 3 
INFO  @ Thu, 22 Jun 2023 10:33:30: Treatment samples:0,3 
INFO  @ Thu, 22 Jun 2023 10:33:30: Treatment sample index:0,3 
DEBUG @ Thu, 22 Jun 2023 10:33:30: Given sample labels: 4,5 
DEBUG @ Thu, 22 Jun 2023 10:33:30: Converted index: 4 5 
INFO  @ Thu, 22 Jun 2023 10:33:30: Control samples:4,5 
INFO  @ Thu, 22 Jun 2023 10:33:30: Control sample index:4,5 
DEBUG @ Thu, 22 Jun 2023 10:33:30: Initial (total) size factor: 1.0382681795291604 0.9206711513155529 0.8705331919103324 1.2469259012178553 
DEBUG @ Thu, 22 Jun 2023 10:33:30: Median factor: 0.9974150037482006 0.8944188680552774 0.8839851974574919 1.2695106285571476 
INFO  @ Thu, 22 Jun 2023 10:33:30: Final size factor: 0.9974150037482006 0.8944188680552774 0.8839851974574919 1.2695106285571476 
INFO  @ Thu, 22 Jun 2023 10:33:30: Detecting outliers from variance estimation.. Avg read count:[1044.0888825281384], Var: [113079.69369941147] 
INFO  @ Thu, 22 Jun 2023 10:33:30: Skipping 7 sgRNAs from variance calculation because of their extreme high counts (> 4* STD (mean counts) ). 
DEBUG @ Thu, 22 Jun 2023 10:33:30: Adjusted model: 1.570749171549067	0 
INFO  @ Thu, 22 Jun 2023 10:33:30: Before RRA, 0 sgRNAs are removed with zero counts in both group(s). 
INFO  @ Thu, 22 Jun 2023 10:33:30: Use qnorm to reversely calculate sgRNA scores ... 
DEBUG @ Thu, 22 Jun 2023 10:33:30: lower test FDR cutoff: 0.2592920353982301 
DEBUG @ Thu, 22 Jun 2023 10:33:30: higher test FDR cutoff: 0.2938053097345133 
INFO  @ Thu, 22 Jun 2023 10:33:30: Running command: RRA -i LDLuptake_CRISPRa_output/LDL_CRISPRa.plow.txt -o LDLuptake_CRISPRa_output/LDL_CRISPRa.gene.low.txt -p 0.2592920353982301 --skip-gene NA --skip-gene na  
INFO  @ Thu, 22 Jun 2023 10:33:31: Command message: 
INFO  @ Thu, 22 Jun 2023 10:33:31:   Welcome to RRA v 0.5.9. 
INFO  @ Thu, 22 Jun 2023 10:33:31:   Skipping gene NA for permutation ... 
INFO  @ Thu, 22 Jun 2023 10:33:31:   Skipping gene na for permutation ... 
INFO  @ Thu, 22 Jun 2023 10:33:31:   Reading input file... 
INFO  @ Thu, 22 Jun 2023 10:33:31:   Summary: 1130 sgRNAs, 207 genes, 1 lists; skipped sgRNAs:0 
INFO  @ Thu, 22 Jun 2023 10:33:31:   Computing lo-values for each group... 
INFO  @ Thu, 22 Jun 2023 10:33:31:   Computing false discovery rate... 
INFO  @ Thu, 22 Jun 2023 10:33:31:   Increase the number of permutations to 484 to get precise p values. To avoid this, use the --permutation option. 
INFO  @ Thu, 22 Jun 2023 10:33:31:   Permuting genes with 5 sgRNAs... 
INFO  @ Thu, 22 Jun 2023 10:33:31:   Permuting genes with 100 sgRNAs... 
INFO  @ Thu, 22 Jun 2023 10:33:31:   Number of genes under FDR adjustment: 207 
INFO  @ Thu, 22 Jun 2023 10:33:31:   Saving to output file... 
INFO  @ Thu, 22 Jun 2023 10:33:31:   RRA completed. 
INFO  @ Thu, 22 Jun 2023 10:33:31:    
INFO  @ Thu, 22 Jun 2023 10:33:31: End command message. 
INFO  @ Thu, 22 Jun 2023 10:33:31: Running command: RRA -i LDLuptake_CRISPRa_output/LDL_CRISPRa.phigh.txt -o LDLuptake_CRISPRa_output/LDL_CRISPRa.gene.high.txt -p 0.2938053097345133 --skip-gene NA --skip-gene na  
INFO  @ Thu, 22 Jun 2023 10:33:33: Command message: 
INFO  @ Thu, 22 Jun 2023 10:33:33:   Welcome to RRA v 0.5.9. 
INFO  @ Thu, 22 Jun 2023 10:33:33:   Skipping gene NA for permutation ... 
INFO  @ Thu, 22 Jun 2023 10:33:33:   Skipping gene na for permutation ... 
INFO  @ Thu, 22 Jun 2023 10:33:33:   Reading input file... 
INFO  @ Thu, 22 Jun 2023 10:33:33:   Summary: 1130 sgRNAs, 207 genes, 1 lists; skipped sgRNAs:0 
INFO  @ Thu, 22 Jun 2023 10:33:33:   Computing lo-values for each group... 
INFO  @ Thu, 22 Jun 2023 10:33:33:   Computing false discovery rate... 
INFO  @ Thu, 22 Jun 2023 10:33:33:   Increase the number of permutations to 484 to get precise p values. To avoid this, use the --permutation option. 
INFO  @ Thu, 22 Jun 2023 10:33:33:   Permuting genes with 5 sgRNAs... 
INFO  @ Thu, 22 Jun 2023 10:33:33:   Permuting genes with 100 sgRNAs... 
INFO  @ Thu, 22 Jun 2023 10:33:33:   Number of genes under FDR adjustment: 207 
INFO  @ Thu, 22 Jun 2023 10:33:33:   Saving to output file... 
INFO  @ Thu, 22 Jun 2023 10:33:33:   RRA completed. 
INFO  @ Thu, 22 Jun 2023 10:33:33:    
INFO  @ Thu, 22 Jun 2023 10:33:33: End command message. 
DEBUG @ Thu, 22 Jun 2023 10:33:33: Sorting the merged items by negative selection... 
INFO  @ Thu, 22 Jun 2023 10:33:33: Loading top 10 genes from LDLuptake_CRISPRa_output/LDL_CRISPRa.gene.low.txt: SPI1,FCGR2C,CD44,ITGAL,IL15RA,ICAM3,ITGAM,CD19,MS4A4A,CD300LB 
DEBUG @ Thu, 22 Jun 2023 10:33:33: Column index:3 
INFO  @ Thu, 22 Jun 2023 10:33:33: Loading top 10 genes from LDLuptake_CRISPRa_output/LDL_CRISPRa.gene.high.txt: SCARB1,AXL,ABCA1,CD68,LDLR,TREM2,SQSTM1,FCER1G,TGFBR3,IL2RG 
DEBUG @ Thu, 22 Jun 2023 10:33:33: Column index:9 
INFO  @ Thu, 22 Jun 2023 10:33:33: Running command: rm LDLuptake_CRISPRa_output/LDL_CRISPRa.plow.txt 
INFO  @ Thu, 22 Jun 2023 10:33:33: Running command: rm LDLuptake_CRISPRa_output/LDL_CRISPRa.phigh.txt 
INFO  @ Thu, 22 Jun 2023 10:33:33: Running command: rm LDLuptake_CRISPRa_output/LDL_CRISPRa.gene.low.txt 
INFO  @ Thu, 22 Jun 2023 10:33:33: Running command: rm LDLuptake_CRISPRa_output/LDL_CRISPRa.gene.high.txt 
