INFO  @ Thu, 22 Jun 2023 10:47:12: Parameters: /Users/rwang/miniconda3/bin/mageck test -k SurfaceTREM2_CRISPRa_compiled_counts.txt -t 1,3 -c 0,2 -n TREM2_CRISPRa_output/TREM2_CRISPRa 
INFO  @ Thu, 22 Jun 2023 10:47:12: Welcome to MAGeCK v0.5.9.4. Command: test 
INFO  @ Thu, 22 Jun 2023 10:47:12: Loading count table from SurfaceTREM2_CRISPRa_compiled_counts.txt  
INFO  @ Thu, 22 Jun 2023 10:47:12: Processing 1 lines.. 
DEBUG @ Thu, 22 Jun 2023 10:47:12: Parsing error in line 1 (usually the header line). Skip this line. 
INFO  @ Thu, 22 Jun 2023 10:47:12: Loaded 1130 records. 
INFO  @ Thu, 22 Jun 2023 10:47:12: Loading Rnw template file: /Users/rwang/miniconda3/lib/python3.10/site-packages/mageck/test_report.Rmd. 
DEBUG @ Thu, 22 Jun 2023 10:47:12: Setting up the visualization module... 
INFO  @ Thu, 22 Jun 2023 10:47:12: Loading R template file: /Users/rwang/miniconda3/lib/python3.10/site-packages/mageck/plot_template.RTemplate. 
INFO  @ Thu, 22 Jun 2023 10:47:12: Loading R template file: /Users/rwang/miniconda3/lib/python3.10/site-packages/mageck/plot_template_indvgene.RTemplate. 
INFO  @ Thu, 22 Jun 2023 10:47:12: Loading Rnw template file: /Users/rwang/miniconda3/lib/python3.10/site-packages/mageck/plot_template.Rnw. 
DEBUG @ Thu, 22 Jun 2023 10:47:12: Setting up the visualization module... 
DEBUG @ Thu, 22 Jun 2023 10:47:12: Given sample labels: 1,3 
DEBUG @ Thu, 22 Jun 2023 10:47:12: Converted index: 1 3 
INFO  @ Thu, 22 Jun 2023 10:47:12: Treatment samples:1,3 
INFO  @ Thu, 22 Jun 2023 10:47:12: Treatment sample index:1,3 
DEBUG @ Thu, 22 Jun 2023 10:47:12: Given sample labels: 0,2 
DEBUG @ Thu, 22 Jun 2023 10:47:12: Converted index: 0 2 
INFO  @ Thu, 22 Jun 2023 10:47:12: Control samples:0,2 
INFO  @ Thu, 22 Jun 2023 10:47:12: Control sample index:0,2 
DEBUG @ Thu, 22 Jun 2023 10:47:12: Initial (total) size factor: 0.9562694515123716 1.0843416222631157 1.0011719854714836 0.9678465287620535 
DEBUG @ Thu, 22 Jun 2023 10:47:12: Median factor: 0.9490486791496375 1.0778329644770124 1.0148938132666758 0.9689319668674462 
INFO  @ Thu, 22 Jun 2023 10:47:12: Final size factor: 0.9490486791496375 1.0778329644770124 1.0148938132666758 0.9689319668674462 
INFO  @ Thu, 22 Jun 2023 10:47:12: Detecting outliers from variance estimation.. Avg read count:[789.8483363181595], Var: [16352.09425092302] 
DEBUG @ Thu, 22 Jun 2023 10:47:12: Adjusted model: 1.7870278938535646	0 
INFO  @ Thu, 22 Jun 2023 10:47:12: Before RRA, 0 sgRNAs are removed with zero counts in both group(s). 
INFO  @ Thu, 22 Jun 2023 10:47:12: Use qnorm to reversely calculate sgRNA scores ... 
DEBUG @ Thu, 22 Jun 2023 10:47:12: lower test FDR cutoff: 0.01415929203539823 
DEBUG @ Thu, 22 Jun 2023 10:47:12: higher test FDR cutoff: 0.02920353982300885 
INFO  @ Thu, 22 Jun 2023 10:47:12: Running command: RRA -i TREM2_CRISPRa_output/TREM2_CRISPRa.plow.txt -o TREM2_CRISPRa_output/TREM2_CRISPRa.gene.low.txt -p 0.05 --skip-gene NA --skip-gene na  
INFO  @ Thu, 22 Jun 2023 10:47:13: Command message: 
INFO  @ Thu, 22 Jun 2023 10:47:13:   Welcome to RRA v 0.5.9. 
INFO  @ Thu, 22 Jun 2023 10:47:13:   Skipping gene NA for permutation ... 
INFO  @ Thu, 22 Jun 2023 10:47:13:   Skipping gene na for permutation ... 
INFO  @ Thu, 22 Jun 2023 10:47:13:   Reading input file... 
INFO  @ Thu, 22 Jun 2023 10:47:13:   Summary: 1130 sgRNAs, 207 genes, 1 lists; skipped sgRNAs:0 
INFO  @ Thu, 22 Jun 2023 10:47:13:   Computing lo-values for each group... 
INFO  @ Thu, 22 Jun 2023 10:47:13:   Computing false discovery rate... 
INFO  @ Thu, 22 Jun 2023 10:47:13:   Increase the number of permutations to 484 to get precise p values. To avoid this, use the --permutation option. 
INFO  @ Thu, 22 Jun 2023 10:47:13:   Permuting genes with 5 sgRNAs... 
INFO  @ Thu, 22 Jun 2023 10:47:13:   Permuting genes with 100 sgRNAs... 
INFO  @ Thu, 22 Jun 2023 10:47:13:   Number of genes under FDR adjustment: 207 
INFO  @ Thu, 22 Jun 2023 10:47:13:   Saving to output file... 
INFO  @ Thu, 22 Jun 2023 10:47:13:   RRA completed. 
INFO  @ Thu, 22 Jun 2023 10:47:13:    
INFO  @ Thu, 22 Jun 2023 10:47:13: End command message. 
INFO  @ Thu, 22 Jun 2023 10:47:13: Running command: RRA -i TREM2_CRISPRa_output/TREM2_CRISPRa.phigh.txt -o TREM2_CRISPRa_output/TREM2_CRISPRa.gene.high.txt -p 0.02920353982300885 --skip-gene NA --skip-gene na  
INFO  @ Thu, 22 Jun 2023 10:47:14: Command message: 
INFO  @ Thu, 22 Jun 2023 10:47:14:   Welcome to RRA v 0.5.9. 
INFO  @ Thu, 22 Jun 2023 10:47:14:   Skipping gene NA for permutation ... 
INFO  @ Thu, 22 Jun 2023 10:47:14:   Skipping gene na for permutation ... 
INFO  @ Thu, 22 Jun 2023 10:47:14:   Reading input file... 
INFO  @ Thu, 22 Jun 2023 10:47:14:   Summary: 1130 sgRNAs, 207 genes, 1 lists; skipped sgRNAs:0 
INFO  @ Thu, 22 Jun 2023 10:47:14:   Computing lo-values for each group... 
INFO  @ Thu, 22 Jun 2023 10:47:14:   Computing false discovery rate... 
INFO  @ Thu, 22 Jun 2023 10:47:14:   Increase the number of permutations to 484 to get precise p values. To avoid this, use the --permutation option. 
INFO  @ Thu, 22 Jun 2023 10:47:14:   Permuting genes with 5 sgRNAs... 
INFO  @ Thu, 22 Jun 2023 10:47:14:   Permuting genes with 100 sgRNAs... 
INFO  @ Thu, 22 Jun 2023 10:47:14:   Number of genes under FDR adjustment: 207 
INFO  @ Thu, 22 Jun 2023 10:47:14:   Saving to output file... 
INFO  @ Thu, 22 Jun 2023 10:47:14:   RRA completed. 
INFO  @ Thu, 22 Jun 2023 10:47:14:    
INFO  @ Thu, 22 Jun 2023 10:47:14: End command message. 
DEBUG @ Thu, 22 Jun 2023 10:47:14: Sorting the merged items by negative selection... 
INFO  @ Thu, 22 Jun 2023 10:47:14: Loading top 10 genes from TREM2_CRISPRa_output/TREM2_CRISPRa.gene.low.txt: CD52,FCER1G,TREM1,P2RY12,CD44,VLDLR,CD300A,TNFRSF1A,ADAM10,IL21R 
DEBUG @ Thu, 22 Jun 2023 10:47:14: Column index:3 
INFO  @ Thu, 22 Jun 2023 10:47:14: Loading top 10 genes from TREM2_CRISPRa_output/TREM2_CRISPRa.gene.high.txt: TREM2,MS4A4A,LDLR,PTPRC,TGFBR3,ABCA1,ITGAX,AXL,P2RY6,CD81 
DEBUG @ Thu, 22 Jun 2023 10:47:14: Column index:9 
INFO  @ Thu, 22 Jun 2023 10:47:14: Running command: rm TREM2_CRISPRa_output/TREM2_CRISPRa.plow.txt 
INFO  @ Thu, 22 Jun 2023 10:47:14: Running command: rm TREM2_CRISPRa_output/TREM2_CRISPRa.phigh.txt 
INFO  @ Thu, 22 Jun 2023 10:47:14: Running command: rm TREM2_CRISPRa_output/TREM2_CRISPRa.gene.low.txt 
INFO  @ Thu, 22 Jun 2023 10:47:14: Running command: rm TREM2_CRISPRa_output/TREM2_CRISPRa.gene.high.txt 
