INFO  @ Tue, 20 Jun 2023 14:11:28: Parameters: /Users/rwang/miniconda3/bin/mageck test -k APOEuptake_CRISPRa_compiled_counts.txt -t 0,2 -c 1,3 -n APOEuptake_CRISPRa 
INFO  @ Tue, 20 Jun 2023 14:11:28: Welcome to MAGeCK v0.5.9.4. Command: test 
INFO  @ Tue, 20 Jun 2023 14:11:28: Loading count table from APOEuptake_CRISPRa_compiled_counts.txt  
INFO  @ Tue, 20 Jun 2023 14:11:28: Processing 1 lines.. 
DEBUG @ Tue, 20 Jun 2023 14:11:28: Parsing error in line 1 (usually the header line). Skip this line. 
INFO  @ Tue, 20 Jun 2023 14:11:28: Loaded 1130 records. 
INFO  @ Tue, 20 Jun 2023 14:11:28: Loading Rnw template file: /Users/rwang/miniconda3/lib/python3.10/site-packages/mageck/test_report.Rmd. 
DEBUG @ Tue, 20 Jun 2023 14:11:28: Setting up the visualization module... 
INFO  @ Tue, 20 Jun 2023 14:11:28: Loading R template file: /Users/rwang/miniconda3/lib/python3.10/site-packages/mageck/plot_template.RTemplate. 
INFO  @ Tue, 20 Jun 2023 14:11:28: Loading R template file: /Users/rwang/miniconda3/lib/python3.10/site-packages/mageck/plot_template_indvgene.RTemplate. 
INFO  @ Tue, 20 Jun 2023 14:11:28: Loading Rnw template file: /Users/rwang/miniconda3/lib/python3.10/site-packages/mageck/plot_template.Rnw. 
DEBUG @ Tue, 20 Jun 2023 14:11:28: Setting up the visualization module... 
DEBUG @ Tue, 20 Jun 2023 14:11:28: Given sample labels: 0,2 
DEBUG @ Tue, 20 Jun 2023 14:11:28: Converted index: 0 2 
INFO  @ Tue, 20 Jun 2023 14:11:28: Treatment samples:0,2 
INFO  @ Tue, 20 Jun 2023 14:11:28: Treatment sample index:0,2 
DEBUG @ Tue, 20 Jun 2023 14:11:28: Given sample labels: 1,3 
DEBUG @ Tue, 20 Jun 2023 14:11:28: Converted index: 1 3 
INFO  @ Tue, 20 Jun 2023 14:11:28: Control samples:1,3 
INFO  @ Tue, 20 Jun 2023 14:11:28: Control sample index:1,3 
DEBUG @ Tue, 20 Jun 2023 14:11:28: Initial (total) size factor: 0.9626731204244366 0.9571436908611721 1.031530124480977 1.0559473041218093 
DEBUG @ Tue, 20 Jun 2023 14:11:28: Median factor: 0.9570763068970725 0.9375492841526764 1.0560308825923854 1.0577785161544144 
INFO  @ Tue, 20 Jun 2023 14:11:28: Final size factor: 0.9570763068970725 0.9375492841526764 1.0560308825923854 1.0577785161544144 
INFO  @ Tue, 20 Jun 2023 14:11:28: Detecting outliers from variance estimation.. Avg read count:[817.7799120779576], Var: [56305.171819964795] 
INFO  @ Tue, 20 Jun 2023 14:11:28: Skipping 9 sgRNAs from variance calculation because of their extreme high counts (> 4* STD (mean counts) ). 
DEBUG @ Tue, 20 Jun 2023 14:11:28: Adjusted model: 1.882627492036584	0 
INFO  @ Tue, 20 Jun 2023 14:11:28: Before RRA, 0 sgRNAs are removed with zero counts in both group(s). 
INFO  @ Tue, 20 Jun 2023 14:11:28: Use qnorm to reversely calculate sgRNA scores ... 
DEBUG @ Tue, 20 Jun 2023 14:11:28: lower test FDR cutoff: 0.046902654867256637 
DEBUG @ Tue, 20 Jun 2023 14:11:28: higher test FDR cutoff: 0.07964601769911504 
INFO  @ Tue, 20 Jun 2023 14:11:28: Running command: RRA -i APOEuptake_CRISPRa.plow.txt -o APOEuptake_CRISPRa.gene.low.txt -p 0.05 --skip-gene NA --skip-gene na  
INFO  @ Tue, 20 Jun 2023 14:11:30: Command message: 
INFO  @ Tue, 20 Jun 2023 14:11:30:   Welcome to RRA v 0.5.9. 
INFO  @ Tue, 20 Jun 2023 14:11:30:   Skipping gene NA for permutation ... 
INFO  @ Tue, 20 Jun 2023 14:11:30:   Skipping gene na for permutation ... 
INFO  @ Tue, 20 Jun 2023 14:11:30:   Reading input file... 
INFO  @ Tue, 20 Jun 2023 14:11:30:   Summary: 1130 sgRNAs, 207 genes, 1 lists; skipped sgRNAs:0 
INFO  @ Tue, 20 Jun 2023 14:11:30:   Computing lo-values for each group... 
INFO  @ Tue, 20 Jun 2023 14:11:30:   Computing false discovery rate... 
INFO  @ Tue, 20 Jun 2023 14:11:30:   Increase the number of permutations to 484 to get precise p values. To avoid this, use the --permutation option. 
INFO  @ Tue, 20 Jun 2023 14:11:30:   Permuting genes with 5 sgRNAs... 
INFO  @ Tue, 20 Jun 2023 14:11:30:   Permuting genes with 100 sgRNAs... 
INFO  @ Tue, 20 Jun 2023 14:11:30:   Number of genes under FDR adjustment: 207 
INFO  @ Tue, 20 Jun 2023 14:11:30:   Saving to output file... 
INFO  @ Tue, 20 Jun 2023 14:11:30:   RRA completed. 
INFO  @ Tue, 20 Jun 2023 14:11:30:    
INFO  @ Tue, 20 Jun 2023 14:11:30: End command message. 
INFO  @ Tue, 20 Jun 2023 14:11:30: Running command: RRA -i APOEuptake_CRISPRa.phigh.txt -o APOEuptake_CRISPRa.gene.high.txt -p 0.07964601769911504 --skip-gene NA --skip-gene na  
INFO  @ Tue, 20 Jun 2023 14:11:31: Command message: 
INFO  @ Tue, 20 Jun 2023 14:11:31:   Welcome to RRA v 0.5.9. 
INFO  @ Tue, 20 Jun 2023 14:11:31:   Skipping gene NA for permutation ... 
INFO  @ Tue, 20 Jun 2023 14:11:31:   Skipping gene na for permutation ... 
INFO  @ Tue, 20 Jun 2023 14:11:31:   Reading input file... 
INFO  @ Tue, 20 Jun 2023 14:11:31:   Summary: 1130 sgRNAs, 207 genes, 1 lists; skipped sgRNAs:0 
INFO  @ Tue, 20 Jun 2023 14:11:31:   Computing lo-values for each group... 
INFO  @ Tue, 20 Jun 2023 14:11:31:   Computing false discovery rate... 
INFO  @ Tue, 20 Jun 2023 14:11:31:   Increase the number of permutations to 484 to get precise p values. To avoid this, use the --permutation option. 
INFO  @ Tue, 20 Jun 2023 14:11:31:   Permuting genes with 5 sgRNAs... 
INFO  @ Tue, 20 Jun 2023 14:11:31:   Permuting genes with 100 sgRNAs... 
INFO  @ Tue, 20 Jun 2023 14:11:31:   Number of genes under FDR adjustment: 207 
INFO  @ Tue, 20 Jun 2023 14:11:31:   Saving to output file... 
INFO  @ Tue, 20 Jun 2023 14:11:31:   RRA completed. 
INFO  @ Tue, 20 Jun 2023 14:11:31:    
INFO  @ Tue, 20 Jun 2023 14:11:31: End command message. 
DEBUG @ Tue, 20 Jun 2023 14:11:31: Sorting the merged items by negative selection... 
INFO  @ Tue, 20 Jun 2023 14:11:31: Loading top 10 genes from APOEuptake_CRISPRa.gene.low.txt: SPI1,FCGR2C,SNCA,FPR2,CSF1R,FCGR2A,TNFRSF10B,IRF8,IL2RG,IL15RA 
DEBUG @ Tue, 20 Jun 2023 14:11:31: Column index:3 
INFO  @ Tue, 20 Jun 2023 14:11:31: Loading top 10 genes from APOEuptake_CRISPRa.gene.high.txt: AXL,VLDLR,CD68,ABCA1,SQSTM1,VCP,SYK,ITM2B,CLECL1,IL23A 
DEBUG @ Tue, 20 Jun 2023 14:11:31: Column index:9 
INFO  @ Tue, 20 Jun 2023 14:11:31: Running command: rm APOEuptake_CRISPRa.plow.txt 
INFO  @ Tue, 20 Jun 2023 14:11:31: Running command: rm APOEuptake_CRISPRa.phigh.txt 
INFO  @ Tue, 20 Jun 2023 14:11:31: Running command: rm APOEuptake_CRISPRa.gene.low.txt 
INFO  @ Tue, 20 Jun 2023 14:11:31: Running command: rm APOEuptake_CRISPRa.gene.high.txt 
